Using pre-set license
Built from '2022.1/staging' branch; Version is '2022.1.15f1 (42973686a05c) revision 4364086'; Using compiler version '192829333'; Build Type 'Release'
OS: 'Windows 11  (10.0.22621) 64bit Professional' Language: 'en' Physical Memory: 32529 MB
BatchMode: 1, IsHumanControllingUs: 0, StartBugReporterOnCrash: 0, Is64bit: 1, IsPro: 1

COMMAND LINE ARGUMENTS:
C:\Program Files\Unity\Hub\Editor\2022.1.15f1\Editor\Unity.exe
-adb2
-batchMode
-noUpm
-name
AssetImportWorker0
-projectPath
C:/Users/Joshua Yap/Desktop/Josh/School/UOIT Year 3/Game Engine/Final Exam/GED_Final-master
-logFile
Logs/AssetImportWorker0.log
-srvPort
58452
Successfully changed project path to: C:/Users/Joshua Yap/Desktop/Josh/School/UOIT Year 3/Game Engine/Final Exam/GED_Final-master
C:/Users/Joshua Yap/Desktop/Josh/School/UOIT Year 3/Game Engine/Final Exam/GED_Final-master
[UnityMemory] Configuration Parameters - Can be set up in boot.config
    "memorysetup-bucket-allocator-granularity=16"
    "memorysetup-bucket-allocator-bucket-count=8"
    "memorysetup-bucket-allocator-block-size=33554432"
    "memorysetup-bucket-allocator-block-count=8"
    "memorysetup-main-allocator-block-size=16777216"
    "memorysetup-thread-allocator-block-size=16777216"
    "memorysetup-gfx-main-allocator-block-size=16777216"
    "memorysetup-gfx-thread-allocator-block-size=16777216"
    "memorysetup-cache-allocator-block-size=4194304"
    "memorysetup-typetree-allocator-block-size=2097152"
    "memorysetup-profiler-bucket-allocator-granularity=16"
    "memorysetup-profiler-bucket-allocator-bucket-count=8"
    "memorysetup-profiler-bucket-allocator-block-size=33554432"
    "memorysetup-profiler-bucket-allocator-block-count=8"
    "memorysetup-profiler-allocator-block-size=16777216"
    "memorysetup-profiler-editor-allocator-block-size=1048576"
    "memorysetup-temp-allocator-size-main=16777216"
    "memorysetup-job-temp-allocator-block-size=2097152"
    "memorysetup-job-temp-allocator-block-size-background=1048576"
    "memorysetup-job-temp-allocator-reduction-small-platforms=262144"
    "memorysetup-temp-allocator-size-background-worker=32768"
    "memorysetup-temp-allocator-size-job-worker=262144"
    "memorysetup-temp-allocator-size-preload-manager=33554432"
    "memorysetup-temp-allocator-size-nav-mesh-worker=65536"
    "memorysetup-temp-allocator-size-audio-worker=65536"
    "memorysetup-temp-allocator-size-cloud-worker=32768"
    "memorysetup-temp-allocator-size-gi-baking-worker=262144"
    "memorysetup-temp-allocator-size-gfx=262144"
Refreshing native plugins compatible for Editor in 105.25 ms, found 3 plugins.
Preloading 0 native plugins for Editor in 0.00 ms.
Initialize engine version: 2022.1.15f1 (42973686a05c)
[Subsystems] Discovering subsystems at path C:/Program Files/Unity/Hub/Editor/2022.1.15f1/Editor/Data/Resources/UnitySubsystems
[Subsystems] Discovering subsystems at path C:/Users/Joshua Yap/Desktop/Josh/School/UOIT Year 3/Game Engine/Final Exam/GED_Final-master/Assets
GfxDevice: creating device client; threaded=0; jobified=0
Direct3D:
    Version:  Direct3D 11.0 [level 11.1]
    Renderer: NVIDIA GeForce RTX 2070 Super (ID=0x1e91)
    Vendor:   NVIDIA
    VRAM:     8012 MB
    Driver:   31.0.15.1700
Initialize mono
Mono path[0] = 'C:/Program Files/Unity/Hub/Editor/2022.1.15f1/Editor/Data/Managed'
Mono path[1] = 'C:/Program Files/Unity/Hub/Editor/2022.1.15f1/Editor/Data/MonoBleedingEdge/lib/mono/unityjit-win32'
Mono config path = 'C:/Program Files/Unity/Hub/Editor/2022.1.15f1/Editor/Data/MonoBleedingEdge/etc'
Using monoOptions --debugger-agent=transport=dt_socket,embedding=1,server=y,suspend=n,address=127.0.0.1:56020
Begin MonoManager ReloadAssembly
Registering precompiled unity dll's ...
Register platform support module: C:/Program Files/Unity/Hub/Editor/2022.1.15f1/Editor/Data/PlaybackEngines/WindowsStandaloneSupport/UnityEditor.WindowsStandalone.Extensions.dll
Registered in 0.007267 seconds.
Native extension for WindowsStandalone target not found
Refreshing native plugins compatible for Editor in 108.43 ms, found 3 plugins.
Preloading 0 native plugins for Editor in 0.00 ms.
Mono: successfully reloaded assembly
- Completed reload, in  0.924 seconds
Domain Reload Profiling:
	ReloadAssembly (925ms)
		BeginReloadAssembly (101ms)
			ExecutionOrderSort (0ms)
			DisableScriptedObjects (0ms)
			BackupInstance (0ms)
			ReleaseScriptingObjects (0ms)
			CreateAndSetChildDomain (1ms)
		EndReloadAssembly (654ms)
			LoadAssemblies (98ms)
			RebuildTransferFunctionScriptingTraits (0ms)
			SetupTypeCache (178ms)
				TypeCache.Initialize (177ms)
					TypeCache.ScanAssembly (174ms)
				ResolveRequiredComponents (1ms)
			ReleaseScriptCaches (0ms)
			RebuildScriptCaches (41ms)
			SetupLoadedEditorAssemblies (367ms)
				LogAssemblyErrors (0ms)
				InitializePlatformSupportModulesInManaged (10ms)
				SetLoadedEditorAssemblies (10ms)
				RefreshPlugins (109ms)
				BeforeProcessingInitializeOnLoad (2ms)
				ProcessInitializeOnLoadAttributes (178ms)
				ProcessInitializeOnLoadMethodAttributes (59ms)
				AfterProcessingInitializeOnLoad (0ms)
				EditorAssembliesLoaded (0ms)
			ExecutionOrderSort2 (0ms)
			AwakeInstancesAfterBackupRestoration (0ms)
Platform modules already initialized, skipping
Registering precompiled user dll's ...
Registered in 0.010355 seconds.
Begin MonoManager ReloadAssembly
Symbol file LoadedFromMemory doesn't match image C:\Users\Joshua Yap\Desktop\Josh\School\UOIT Year 3\Game Engine\Final Exam\GED_Final-master\Library\PackageCache\com.unity.visualscripting@1.7.8\Editor\VisualScripting.Core\Dependencies\YamlDotNet\Unity.VisualScripting.YamlDotNet.dll
Symbol file LoadedFromMemory doesn't match image C:\Users\Joshua Yap\Desktop\Josh\School\UOIT Year 3\Game Engine\Final Exam\GED_Final-master\Library\PackageCache\com.unity.visualscripting@1.7.8\Editor\VisualScripting.Core\Dependencies\DotNetZip\Unity.VisualScripting.IonicZip.dll
Native extension for WindowsStandalone target not found
Refreshing native plugins compatible for Editor in 100.00 ms, found 3 plugins.
Preloading 0 native plugins for Editor in 0.00 ms.
Mono: successfully reloaded assembly
- Completed reload, in  1.782 seconds
Domain Reload Profiling:
	ReloadAssembly (1784ms)
		BeginReloadAssembly (193ms)
			ExecutionOrderSort (0ms)
			DisableScriptedObjects (10ms)
			BackupInstance (0ms)
			ReleaseScriptingObjects (0ms)
			CreateAndSetChildDomain (35ms)
		EndReloadAssembly (1419ms)
			LoadAssemblies (128ms)
			RebuildTransferFunctionScriptingTraits (0ms)
			SetupTypeCache (417ms)
				TypeCache.Initialize (408ms)
					TypeCache.ScanAssembly (399ms)
				ResolveRequiredComponents (9ms)
			ReleaseScriptCaches (1ms)
			RebuildScriptCaches (78ms)
			SetupLoadedEditorAssemblies (721ms)
				LogAssemblyErrors (0ms)
				InitializePlatformSupportModulesInManaged (6ms)
				SetLoadedEditorAssemblies (11ms)
				RefreshPlugins (100ms)
				BeforeProcessingInitializeOnLoad (126ms)
				ProcessInitializeOnLoadAttributes (433ms)
				ProcessInitializeOnLoadMethodAttributes (37ms)
				AfterProcessingInitializeOnLoad (8ms)
				EditorAssembliesLoaded (0ms)
			ExecutionOrderSort2 (0ms)
			AwakeInstancesAfterBackupRestoration (7ms)
Platform modules already initialized, skipping
========================================================================
Worker process is ready to serve import requests
Launched and connected shader compiler UnityShaderCompiler.exe after 0.05 seconds
Refreshing native plugins compatible for Editor in 1.50 ms, found 3 plugins.
Preloading 0 native plugins for Editor in 0.00 ms.
Unloading 3749 Unused Serialized files (Serialized files now loaded: 0)
Unloading 29 unused Assets / (58.2 KB). Loaded Objects now: 4210.
Memory consumption went from 0.56 GB to 0.56 GB.
Total: 4.873700 ms (FindLiveObjects: 0.429700 ms CreateObjectMapping: 0.429300 ms MarkObjects: 3.904200 ms  DeleteObjects: 0.108600 ms)

AssetImportParameters requested are different than current active one (requested -> active):
  custom:video-decoder-ogg-theora: a1e56fd34408186e4bbccfd4996cb3dc -> 
  custom:container-muxer-webm: aa71ff27fc2769a1b78a27578f13a17b -> 
  custom:container-demuxer-webm: 4f35f7cbe854078d1ac9338744f61a02 -> 
  custom:video-encoder-webm-vp8: eb34c28f22e8b96e1ab97ce403110664 -> 
  custom:video-codec-MediaFoundation-h265: 746d11721c4dcdbdad8f713fa42b33f4 -> 
  custom:audio-encoder-webm-vorbis: bf7c407c2cedff20999df2af8eb42d56 -> 
  custom:framework-win-MediaFoundation: 216162199b28c13a410421893ffa2e32 -> 
  custom:container-demuxer-ogg: 62fdf1f143b41e24485cea50d1cbac27 -> 
  custom:video-decoder-webm-vp8: 9c59270c3fd7afecdb556c50c9e8de78 -> 
  custom:audio-decoder-ogg-vorbis: bf7c407c2cedff20999df2af8eb42d56 -> 
========================================================================
Received Import Request.
  Time since last request: 1561433.161828 seconds.
  path: Assets/Scripts/Gameplay/GameControls.inputactions
  artifactKey: Guid(144faff26c10b1b4a8b70f3df2fd0840) Importer(815301076,1909f56bfc062723c751e8b465ee728b)
Start importing Assets/Scripts/Gameplay/GameControls.inputactions using Guid(144faff26c10b1b4a8b70f3df2fd0840) Importer(815301076,1909f56bfc062723c751e8b465ee728b)  -> (artifact id: '1dc405314cfbe96af2a442629b8b3d17') in 0.044891 seconds 
========================================================================
Received Prepare
Registering precompiled user dll's ...
Registered in 0.009076 seconds.
Begin MonoManager ReloadAssembly
Symbol file LoadedFromMemory doesn't match image C:\Users\Joshua Yap\Desktop\Josh\School\UOIT Year 3\Game Engine\Final Exam\GED_Final-master\Library\PackageCache\com.unity.visualscripting@1.7.8\Editor\VisualScripting.Core\Dependencies\YamlDotNet\Unity.VisualScripting.YamlDotNet.dll
Symbol file LoadedFromMemory doesn't match image C:\Users\Joshua Yap\Desktop\Josh\School\UOIT Year 3\Game Engine\Final Exam\GED_Final-master\Library\PackageCache\com.unity.visualscripting@1.7.8\Editor\VisualScripting.Core\Dependencies\DotNetZip\Unity.VisualScripting.IonicZip.dll
Native extension for WindowsStandalone target not found
Refreshing native plugins compatible for Editor in 1.05 ms, found 3 plugins.
Preloading 0 native plugins for Editor in 0.00 ms.
Mono: successfully reloaded assembly
- Completed reload, in  1.377 seconds
Domain Reload Profiling:
	ReloadAssembly (1378ms)
		BeginReloadAssembly (151ms)
			ExecutionOrderSort (0ms)
			DisableScriptedObjects (9ms)
			BackupInstance (0ms)
			ReleaseScriptingObjects (0ms)
			CreateAndSetChildDomain (40ms)
		EndReloadAssembly (1102ms)
			LoadAssemblies (98ms)
			RebuildTransferFunctionScriptingTraits (0ms)
			SetupTypeCache (349ms)
				TypeCache.Initialize (340ms)
					TypeCache.ScanAssembly (332ms)
				ResolveRequiredComponents (9ms)
			ReleaseScriptCaches (2ms)
			RebuildScriptCaches (62ms)
			SetupLoadedEditorAssemblies (512ms)
				LogAssemblyErrors (0ms)
				InitializePlatformSupportModulesInManaged (16ms)
				SetLoadedEditorAssemblies (11ms)
				RefreshPlugins (1ms)
				BeforeProcessingInitializeOnLoad (85ms)
				ProcessInitializeOnLoadAttributes (352ms)
				ProcessInitializeOnLoadMethodAttributes (38ms)
				AfterProcessingInitializeOnLoad (10ms)
				EditorAssembliesLoaded (0ms)
			ExecutionOrderSort2 (0ms)
			AwakeInstancesAfterBackupRestoration (7ms)
Platform modules already initialized, skipping
Refreshing native plugins compatible for Editor in 2.57 ms, found 3 plugins.
Preloading 0 native plugins for Editor in 0.00 ms.
Unloading 3742 Unused Serialized files (Serialized files now loaded: 0)
Unloading 20 unused Assets / (25.4 KB). Loaded Objects now: 4214.
Memory consumption went from 0.56 GB to 0.56 GB.
Total: 3.344200 ms (FindLiveObjects: 0.325300 ms CreateObjectMapping: 0.254600 ms MarkObjects: 2.728200 ms  DeleteObjects: 0.035000 ms)

AssetImportParameters requested are different than current active one (requested -> active):
  custom:video-decoder-ogg-theora: a1e56fd34408186e4bbccfd4996cb3dc -> 
  custom:container-muxer-webm: aa71ff27fc2769a1b78a27578f13a17b -> 
  custom:container-demuxer-webm: 4f35f7cbe854078d1ac9338744f61a02 -> 
  custom:video-encoder-webm-vp8: eb34c28f22e8b96e1ab97ce403110664 -> 
  custom:video-codec-MediaFoundation-h265: 746d11721c4dcdbdad8f713fa42b33f4 -> 
  custom:audio-encoder-webm-vorbis: bf7c407c2cedff20999df2af8eb42d56 -> 
  custom:framework-win-MediaFoundation: 216162199b28c13a410421893ffa2e32 -> 
  custom:container-demuxer-ogg: 62fdf1f143b41e24485cea50d1cbac27 -> 
  custom:video-decoder-webm-vp8: 9c59270c3fd7afecdb556c50c9e8de78 -> 
  custom:audio-decoder-ogg-vorbis: bf7c407c2cedff20999df2af8eb42d56 -> 
========================================================================
Received Import Request.
  Time since last request: 42.679456 seconds.
  path: Assets/Scenes/SampleScene/NavMesh.asset
  artifactKey: Guid(dc9ba6e68c5094645979552bc98508ca) Importer(815301076,1909f56bfc062723c751e8b465ee728b)
Start importing Assets/Scenes/SampleScene/NavMesh.asset using Guid(dc9ba6e68c5094645979552bc98508ca) Importer(815301076,1909f56bfc062723c751e8b465ee728b)  -> (artifact id: '7866990d308f7e658614365454c23844') in 0.016091 seconds 
========================================================================
Received Import Request.
  Time since last request: 3.197036 seconds.
  path: Assets/Scenes/SampleScene
  artifactKey: Guid(b88e194165653704ab2f3d070df0ab62) Importer(815301076,1909f56bfc062723c751e8b465ee728b)
Start importing Assets/Scenes/SampleScene using Guid(b88e194165653704ab2f3d070df0ab62) Importer(815301076,1909f56bfc062723c751e8b465ee728b)  -> (artifact id: '34fd3c982d4f42570a06f1f34b348229') in 0.005949 seconds 
========================================================================
Received Import Request.
  Time since last request: 103.069137 seconds.
  path: Assets/Scripts
  artifactKey: Guid(55dede755c62cea4b9aa978c755f916b) Importer(815301076,1909f56bfc062723c751e8b465ee728b)
Start importing Assets/Scripts using Guid(55dede755c62cea4b9aa978c755f916b) Importer(815301076,1909f56bfc062723c751e8b465ee728b)  -> (artifact id: '0a1d3d833f38831196d549a2deb8080d') in 0.005653 seconds 
========================================================================
Received Import Request.
  Time since last request: 110.880906 seconds.
  path: Assets/Scripts/Gameplay
  artifactKey: Guid(d175ca2380d783a4e9f16f8608b8df10) Importer(815301076,1909f56bfc062723c751e8b465ee728b)
Start importing Assets/Scripts/Gameplay using Guid(d175ca2380d783a4e9f16f8608b8df10) Importer(815301076,1909f56bfc062723c751e8b465ee728b)  -> (artifact id: '4d00353c4481b7237723522629321fb4') in 0.007185 seconds 
========================================================================
Received Import Request.
  Time since last request: 24.130282 seconds.
  path: Assets/Scripts/_Flyweight
  artifactKey: Guid(846d2b2ccf2be8141a271cfb05e3582c) Importer(815301076,1909f56bfc062723c751e8b465ee728b)
Start importing Assets/Scripts/_Flyweight using Guid(846d2b2ccf2be8141a271cfb05e3582c) Importer(815301076,1909f56bfc062723c751e8b465ee728b)  -> (artifact id: '6b7de500ed5f032b59741120ea404c12') in 0.006445 seconds 
========================================================================
Received Import Request.
  Time since last request: 99.309761 seconds.
  path: Assets/Scripts/_Flyweight/Flyweight.cs
  artifactKey: Guid(a9ae3f94087e53e41ae6a62fe385dcf3) Importer(815301076,1909f56bfc062723c751e8b465ee728b)
Start importing Assets/Scripts/_Flyweight/Flyweight.cs using Guid(a9ae3f94087e53e41ae6a62fe385dcf3) Importer(815301076,1909f56bfc062723c751e8b465ee728b)  -> (artifact id: '8242df14bc34a52ad5e533aef0815bf1') in 0.005329 seconds 
========================================================================
Received Prepare
Registering precompiled user dll's ...
Registered in 0.010749 seconds.
Begin MonoManager ReloadAssembly
Symbol file LoadedFromMemory doesn't match image C:\Users\Joshua Yap\Desktop\Josh\School\UOIT Year 3\Game Engine\Final Exam\GED_Final-master\Library\PackageCache\com.unity.visualscripting@1.7.8\Editor\VisualScripting.Core\Dependencies\YamlDotNet\Unity.VisualScripting.YamlDotNet.dll
Symbol file LoadedFromMemory doesn't match image C:\Users\Joshua Yap\Desktop\Josh\School\UOIT Year 3\Game Engine\Final Exam\GED_Final-master\Library\PackageCache\com.unity.visualscripting@1.7.8\Editor\VisualScripting.Core\Dependencies\DotNetZip\Unity.VisualScripting.IonicZip.dll
Native extension for WindowsStandalone target not found
Refreshing native plugins compatible for Editor in 0.60 ms, found 3 plugins.
Preloading 0 native plugins for Editor in 0.00 ms.
Mono: successfully reloaded assembly
- Completed reload, in  1.321 seconds
Domain Reload Profiling:
	ReloadAssembly (1322ms)
		BeginReloadAssembly (181ms)
			ExecutionOrderSort (0ms)
			DisableScriptedObjects (6ms)
			BackupInstance (0ms)
			ReleaseScriptingObjects (0ms)
			CreateAndSetChildDomain (57ms)
		EndReloadAssembly (1010ms)
			LoadAssemblies (115ms)
			RebuildTransferFunctionScriptingTraits (0ms)
			SetupTypeCache (360ms)
				TypeCache.Initialize (349ms)
					TypeCache.ScanAssembly (343ms)
				ResolveRequiredComponents (10ms)
			ReleaseScriptCaches (1ms)
			RebuildScriptCaches (43ms)
			SetupLoadedEditorAssemblies (448ms)
				LogAssemblyErrors (0ms)
				InitializePlatformSupportModulesInManaged (15ms)
				SetLoadedEditorAssemblies (8ms)
				RefreshPlugins (1ms)
				BeforeProcessingInitializeOnLoad (66ms)
				ProcessInitializeOnLoadAttributes (310ms)
				ProcessInitializeOnLoadMethodAttributes (37ms)
				AfterProcessingInitializeOnLoad (9ms)
				EditorAssembliesLoaded (0ms)
			ExecutionOrderSort2 (0ms)
			AwakeInstancesAfterBackupRestoration (8ms)
Platform modules already initialized, skipping
Refreshing native plugins compatible for Editor in 2.84 ms, found 3 plugins.
Preloading 0 native plugins for Editor in 0.00 ms.
Unloading 3743 Unused Serialized files (Serialized files now loaded: 0)
Unloading 20 unused Assets / (25.5 KB). Loaded Objects now: 4218.
Memory consumption went from 0.56 GB to 0.56 GB.
Total: 3.117000 ms (FindLiveObjects: 0.297700 ms CreateObjectMapping: 0.235000 ms MarkObjects: 2.536100 ms  DeleteObjects: 0.046900 ms)

AssetImportParameters requested are different than current active one (requested -> active):
  custom:video-decoder-ogg-theora: a1e56fd34408186e4bbccfd4996cb3dc -> 
  custom:container-muxer-webm: aa71ff27fc2769a1b78a27578f13a17b -> 
  custom:container-demuxer-webm: 4f35f7cbe854078d1ac9338744f61a02 -> 
  custom:video-encoder-webm-vp8: eb34c28f22e8b96e1ab97ce403110664 -> 
  custom:video-codec-MediaFoundation-h265: 746d11721c4dcdbdad8f713fa42b33f4 -> 
  custom:audio-encoder-webm-vorbis: bf7c407c2cedff20999df2af8eb42d56 -> 
  custom:framework-win-MediaFoundation: 216162199b28c13a410421893ffa2e32 -> 
  custom:container-demuxer-ogg: 62fdf1f143b41e24485cea50d1cbac27 -> 
  custom:video-decoder-webm-vp8: 9c59270c3fd7afecdb556c50c9e8de78 -> 
  custom:audio-decoder-ogg-vorbis: bf7c407c2cedff20999df2af8eb42d56 -> 
========================================================================
Received Import Request.
  Time since last request: 236.900566 seconds.
  path: Assets/Scripts/_Flyweight/Item.cs
  artifactKey: Guid(4cfadda5933c7a34f989aee024f80e21) Importer(815301076,1909f56bfc062723c751e8b465ee728b)
Start importing Assets/Scripts/_Flyweight/Item.cs using Guid(4cfadda5933c7a34f989aee024f80e21) Importer(815301076,1909f56bfc062723c751e8b465ee728b)  -> (artifact id: '04ee0de3847ffe4801c39c85f2e0d445') in 0.008676 seconds 
========================================================================
Received Import Request.
  Time since last request: 144.317995 seconds.
  path: Assets/Scripts/_Flyweight/Item.cs
  artifactKey: Guid(4cfadda5933c7a34f989aee024f80e21) Importer(815301076,1909f56bfc062723c751e8b465ee728b)
Start importing Assets/Scripts/_Flyweight/Item.cs using Guid(4cfadda5933c7a34f989aee024f80e21) Importer(815301076,1909f56bfc062723c751e8b465ee728b)  -> (artifact id: '44586ca9bf53fbc2b09feb4b3ab0f88f') in 0.003156 seconds 
========================================================================
Received Import Request.
  Time since last request: 56.725693 seconds.
  path: Assets/Scripts/_Flyweight/Flyweight.cs
  artifactKey: Guid(a9ae3f94087e53e41ae6a62fe385dcf3) Importer(815301076,1909f56bfc062723c751e8b465ee728b)
Start importing Assets/Scripts/_Flyweight/Flyweight.cs using Guid(a9ae3f94087e53e41ae6a62fe385dcf3) Importer(815301076,1909f56bfc062723c751e8b465ee728b)  -> (artifact id: '51bf2982406125a3017e1f35684df688') in 0.002548 seconds 
========================================================================
Received Prepare
Registering precompiled user dll's ...
Registered in 0.009281 seconds.
Begin MonoManager ReloadAssembly
Symbol file LoadedFromMemory doesn't match image C:\Users\Joshua Yap\Desktop\Josh\School\UOIT Year 3\Game Engine\Final Exam\GED_Final-master\Library\PackageCache\com.unity.visualscripting@1.7.8\Editor\VisualScripting.Core\Dependencies\YamlDotNet\Unity.VisualScripting.YamlDotNet.dll
Symbol file LoadedFromMemory doesn't match image C:\Users\Joshua Yap\Desktop\Josh\School\UOIT Year 3\Game Engine\Final Exam\GED_Final-master\Library\PackageCache\com.unity.visualscripting@1.7.8\Editor\VisualScripting.Core\Dependencies\DotNetZip\Unity.VisualScripting.IonicZip.dll
Native extension for WindowsStandalone target not found
Refreshing native plugins compatible for Editor in 1.31 ms, found 3 plugins.
Preloading 0 native plugins for Editor in 0.00 ms.
Mono: successfully reloaded assembly
- Completed reload, in  1.238 seconds
Domain Reload Profiling:
	ReloadAssembly (1239ms)
		BeginReloadAssembly (149ms)
			ExecutionOrderSort (0ms)
			DisableScriptedObjects (7ms)
			BackupInstance (0ms)
			ReleaseScriptingObjects (0ms)
			CreateAndSetChildDomain (40ms)
		EndReloadAssembly (990ms)
			LoadAssemblies (103ms)
			RebuildTransferFunctionScriptingTraits (0ms)
			SetupTypeCache (327ms)
				TypeCache.Initialize (322ms)
					TypeCache.ScanAssembly (316ms)
				ResolveRequiredComponents (5ms)
			ReleaseScriptCaches (1ms)
			RebuildScriptCaches (45ms)
			SetupLoadedEditorAssemblies (456ms)
				LogAssemblyErrors (0ms)
				InitializePlatformSupportModulesInManaged (14ms)
				SetLoadedEditorAssemblies (9ms)
				RefreshPlugins (1ms)
				BeforeProcessingInitializeOnLoad (80ms)
				ProcessInitializeOnLoadAttributes (308ms)
				ProcessInitializeOnLoadMethodAttributes (32ms)
				AfterProcessingInitializeOnLoad (11ms)
				EditorAssembliesLoaded (0ms)
			ExecutionOrderSort2 (0ms)
			AwakeInstancesAfterBackupRestoration (7ms)
Platform modules already initialized, skipping
Refreshing native plugins compatible for Editor in 2.22 ms, found 3 plugins.
Preloading 0 native plugins for Editor in 0.00 ms.
Unloading 3744 Unused Serialized files (Serialized files now loaded: 0)
Unloading 20 unused Assets / (25.5 KB). Loaded Objects now: 4222.
Memory consumption went from 0.56 GB to 0.56 GB.
Total: 3.279900 ms (FindLiveObjects: 0.415900 ms CreateObjectMapping: 0.305800 ms MarkObjects: 2.515800 ms  DeleteObjects: 0.041600 ms)

AssetImportParameters requested are different than current active one (requested -> active):
  custom:video-decoder-ogg-theora: a1e56fd34408186e4bbccfd4996cb3dc -> 
  custom:container-muxer-webm: aa71ff27fc2769a1b78a27578f13a17b -> 
  custom:container-demuxer-webm: 4f35f7cbe854078d1ac9338744f61a02 -> 
  custom:video-encoder-webm-vp8: eb34c28f22e8b96e1ab97ce403110664 -> 
  custom:video-codec-MediaFoundation-h265: 746d11721c4dcdbdad8f713fa42b33f4 -> 
  custom:audio-encoder-webm-vorbis: bf7c407c2cedff20999df2af8eb42d56 -> 
  custom:framework-win-MediaFoundation: 216162199b28c13a410421893ffa2e32 -> 
  custom:container-demuxer-ogg: 62fdf1f143b41e24485cea50d1cbac27 -> 
  custom:video-decoder-webm-vp8: 9c59270c3fd7afecdb556c50c9e8de78 -> 
  custom:audio-decoder-ogg-vorbis: bf7c407c2cedff20999df2af8eb42d56 -> 
========================================================================
Received Import Request.
  Time since last request: 78.564917 seconds.
  path: Assets/Scripts/_Flyweight/Item.cs
  artifactKey: Guid(4cfadda5933c7a34f989aee024f80e21) Importer(815301076,1909f56bfc062723c751e8b465ee728b)
Start importing Assets/Scripts/_Flyweight/Item.cs using Guid(4cfadda5933c7a34f989aee024f80e21) Importer(815301076,1909f56bfc062723c751e8b465ee728b)  -> (artifact id: 'e51d83c8b0fcb1f09f5663e4633e6903') in 0.003251 seconds 
========================================================================
Received Import Request.
  Time since last request: 35.925350 seconds.
  path: Assets/Materials/_Character/Character.fbx
  artifactKey: Guid(dec7976246b4dae4c99bfcc170a6624c) Importer(815301076,1909f56bfc062723c751e8b465ee728b)
Start importing Assets/Materials/_Character/Character.fbx using Guid(dec7976246b4dae4c99bfcc170a6624c) Importer(815301076,1909f56bfc062723c751e8b465ee728b)  -> (artifact id: '25ab7cff561eeb167cb6782b99b03eb2') in 0.423230 seconds 
========================================================================
Received Import Request.
  Time since last request: 0.028750 seconds.
  path: Assets/Materials/_Collectables/Collectible_Board.fbx
  artifactKey: Guid(ee386ada316233947b4a69ef2e3c9a10) Importer(815301076,1909f56bfc062723c751e8b465ee728b)
Start importing Assets/Materials/_Collectables/Collectible_Board.fbx using Guid(ee386ada316233947b4a69ef2e3c9a10) Importer(815301076,1909f56bfc062723c751e8b465ee728b)  -> (artifact id: 'c73d610ba307e7cf8774533411e2fe45') in 0.053072 seconds 
========================================================================
Received Import Request.
  Time since last request: 0.000065 seconds.
  path: Assets/Materials/_Collectables/Pickup_Tank.fbx
  artifactKey: Guid(72fedcc25f296604eb94ecc20d0f4ff9) Importer(815301076,1909f56bfc062723c751e8b465ee728b)
Start importing Assets/Materials/_Collectables/Pickup_Tank.fbx using Guid(72fedcc25f296604eb94ecc20d0f4ff9) Importer(815301076,1909f56bfc062723c751e8b465ee728b)  -> (artifact id: 'a656c4607db3c1c78304ceb05d92a555') in 0.048595 seconds 
========================================================================
Received Import Request.
  Time since last request: 0.000022 seconds.
  path: Assets/Materials/_Collectables/Pickup_Heart.fbx
  artifactKey: Guid(41a837ddd59667441a64bf09a179c70f) Importer(815301076,1909f56bfc062723c751e8b465ee728b)
Start importing Assets/Materials/_Collectables/Pickup_Heart.fbx using Guid(41a837ddd59667441a64bf09a179c70f) Importer(815301076,1909f56bfc062723c751e8b465ee728b)  -> (artifact id: '550ebb61cb1502c1b0c4671b6732c4d1') in 0.031708 seconds 
========================================================================
Received Import Request.
  Time since last request: 0.000020 seconds.
  path: Assets/Materials/_Collectables/Lootbox.fbx
  artifactKey: Guid(30011492a38474341a0c39bf518ad2be) Importer(815301076,1909f56bfc062723c751e8b465ee728b)
Start importing Assets/Materials/_Collectables/Lootbox.fbx using Guid(30011492a38474341a0c39bf518ad2be) Importer(815301076,1909f56bfc062723c751e8b465ee728b)  -> (artifact id: 'b4032d54d1c2b22ef9392d62714e2c96') in 0.056621 seconds 
========================================================================
Received Import Request.
  Time since last request: 0.000032 seconds.
  path: Assets/Materials/_Collectables/Lever.fbx
  artifactKey: Guid(1d4162330f61fcb4db07da3c28ae8a91) Importer(815301076,1909f56bfc062723c751e8b465ee728b)
Start importing Assets/Materials/_Collectables/Lever.fbx using Guid(1d4162330f61fcb4db07da3c28ae8a91) Importer(815301076,1909f56bfc062723c751e8b465ee728b)  -> (artifact id: '67ac1f19107c5cb2a1e6323c4906b873') in 0.060240 seconds 
========================================================================
Received Import Request.
  Time since last request: 0.000031 seconds.
  path: Assets/Materials/_Collectables/Pickup_Health.fbx
  artifactKey: Guid(c274811477b377f478c6256420a60023) Importer(815301076,1909f56bfc062723c751e8b465ee728b)
Start importing Assets/Materials/_Collectables/Pickup_Health.fbx using Guid(c274811477b377f478c6256420a60023) Importer(815301076,1909f56bfc062723c751e8b465ee728b)  -> (artifact id: '338bbca89850e215d03025f87106c441') in 0.035865 seconds 
========================================================================
Received Import Request.
  Time since last request: 1.415293 seconds.
  path: Assets/Materials/_Enemies/2LegEnemyMask.mask
  artifactKey: Guid(13d9b483969d3dd4d81e55cb26568ce1) Importer(815301076,1909f56bfc062723c751e8b465ee728b)
Start importing Assets/Materials/_Enemies/2LegEnemyMask.mask using Guid(13d9b483969d3dd4d81e55cb26568ce1) Importer(815301076,1909f56bfc062723c751e8b465ee728b)  -> (artifact id: '37a29c7a06be8e46b9e8db9b6de344d9') in 0.010673 seconds 
========================================================================
Received Import Request.
  Time since last request: 0.000031 seconds.
  path: Assets/Materials/_Enemies/Enemy_Large_Gun.fbx
  artifactKey: Guid(933e72feeed1da845b74f36d7e7f6ff5) Importer(815301076,1909f56bfc062723c751e8b465ee728b)
Start importing Assets/Materials/_Enemies/Enemy_Large_Gun.fbx using Guid(933e72feeed1da845b74f36d7e7f6ff5) Importer(815301076,1909f56bfc062723c751e8b465ee728b)  -> (artifact id: 'cfef5e32023941cdd936abc8d511b7b0') in 0.085892 seconds 
========================================================================
Received Import Request.
  Time since last request: 0.000020 seconds.
  path: Assets/Materials/_Enemies/Enemy_Flying_Gun.fbx
  artifactKey: Guid(b7ae3cd113a105f48ac3db352ef1066d) Importer(815301076,1909f56bfc062723c751e8b465ee728b)
Start importing Assets/Materials/_Enemies/Enemy_Flying_Gun.fbx using Guid(b7ae3cd113a105f48ac3db352ef1066d) Importer(815301076,1909f56bfc062723c751e8b465ee728b)  -> (artifact id: '89f94b034ace43c5c56f0e66957eb8df') in 0.112161 seconds 
========================================================================
Received Import Request.
  Time since last request: 0.000021 seconds.
  path: Assets/Materials/_Enemies/Enemy_2Legs_Gun.fbx
  artifactKey: Guid(17b98d748f7a00a4ab4a38880ee8c2b8) Importer(815301076,1909f56bfc062723c751e8b465ee728b)
Start importing Assets/Materials/_Enemies/Enemy_2Legs_Gun.fbx using Guid(17b98d748f7a00a4ab4a38880ee8c2b8) Importer(815301076,1909f56bfc062723c751e8b465ee728b)  -> (artifact id: '838d378376ccdf005a56adc369a89dfa') in 0.080313 seconds 
========================================================================
Received Import Request.
  Time since last request: 0.366099 seconds.
  path: Assets/Materials/_Platforms/Platform_1x1_Empty.fbx
  artifactKey: Guid(416079e1eb40fa94ebea32cd618dd9ab) Importer(815301076,1909f56bfc062723c751e8b465ee728b)
Start importing Assets/Materials/_Platforms/Platform_1x1_Empty.fbx using Guid(416079e1eb40fa94ebea32cd618dd9ab) Importer(815301076,1909f56bfc062723c751e8b465ee728b)  -> (artifact id: '1e4e7e330928802690f523da2d41db84') in 0.036859 seconds 
========================================================================
Received Import Request.
  Time since last request: 0.000030 seconds.
  path: Assets/Materials/_Platforms/Texture_Sign.png
  artifactKey: Guid(6cc3f3f9038dafa4896051bbc8d17b1c) Importer(815301076,1909f56bfc062723c751e8b465ee728b)
Start importing Assets/Materials/_Platforms/Texture_Sign.png using Guid(6cc3f3f9038dafa4896051bbc8d17b1c) Importer(815301076,1909f56bfc062723c751e8b465ee728b)  -> (artifact id: '99b71db552c3241637d32673d0fc8059') in 0.110023 seconds 
========================================================================
Received Import Request.
  Time since last request: 0.000030 seconds.
  path: Assets/Materials/_Platforms/Platform_4x1.fbx
  artifactKey: Guid(5b9fe9e6ebf445a43adc2570c21d7ffa) Importer(815301076,1909f56bfc062723c751e8b465ee728b)
Start importing Assets/Materials/_Platforms/Platform_4x1.fbx using Guid(5b9fe9e6ebf445a43adc2570c21d7ffa) Importer(815301076,1909f56bfc062723c751e8b465ee728b)  -> (artifact id: 'b3a17066a1a55686bf5838147b3a29e3') in 0.052415 seconds 
Editor requested this worker to shutdown with reason: Scaling down because of idle timeout
AssetImportWorker is now disconnected from the server
Process exiting
Exiting without the bug reporter. Application will terminate with return code 0